This is pdfTeX, Version 3.1415926-2.3-1.40.12 (TeX Live 2011) (format=pdflatex 2011.7.3)  25 JUN 2013 13:26
entering extended mode
 \write18 enabled.
 %&-line parsing enabled.
**H1DPG.tex
(./H1DPG.tex
LaTeX2e <2009/09/24>
Babel <v3.8l> and hyphenation patterns for english, dumylang, nohyphenation, ge
rman-x-2009-06-19, ngerman-x-2009-06-19, afrikaans, ancientgreek, ibycus, arabi
c, armenian, basque, bulgarian, catalan, pinyin, coptic, croatian, czech, danis
h, dutch, ukenglish, usenglishmax, esperanto, estonian, ethiopic, farsi, finnis
h, french, galician, german, ngerman, swissgerman, monogreek, greek, hungarian,
 icelandic, assamese, bengali, gujarati, hindi, kannada, malayalam, marathi, or
iya, panjabi, tamil, telugu, indonesian, interlingua, irish, italian, kurmanji,
 lao, latin, latvian, lithuanian, mongolian, mongolianlmc, bokmal, nynorsk, pol
ish, portuguese, romanian, russian, sanskrit, serbian, serbianc, slovak, sloven
ian, spanish, swedish, turkish, turkmen, ukrainian, uppersorbian, welsh, loaded
.
(./siamltex.cls
Document Class: siamltex 1996/10/11 v1.2 LaTeX document class
(/usr/local/texlive/2011/texmf-dist/tex/latex/base/leqno.clo
File: leqno.clo 1998/08/17 v1.1c Standard LaTeX option (left equation numbers)
)
(/usr/local/texlive/2011/texmf-dist/tex/latex/base/leqno.clo
File: leqno.clo 1998/08/17 v1.1c Standard LaTeX option (left equation numbers)
) (./siam10.clo
File: siam10.clo 1994/10/01 v1.0 SIAM LaTeX file (size option)
)
\c@section=\count79
\c@subsection=\count80
\c@subsubsection=\count81
\c@paragraph=\count82
\c@subparagraph=\count83
\c@rmnum=\count84
\c@muni=\count85
\c@theorem=\count86
\c@figure=\count87
\c@table=\count88
\abovecaptionskip=\skip41
\belowcaptionskip=\skip42
\bibindent=\dimen102
)
(/usr/local/texlive/2011/texmf-dist/tex/latex/geometry/geometry.sty
Package: geometry 2010/09/12 v5.6 Page Geometry

(/usr/local/texlive/2011/texmf-dist/tex/latex/graphics/keyval.sty
Package: keyval 1999/03/16 v1.13 key=value parser (DPC)
\KV@toks@=\toks14
)
(/usr/local/texlive/2011/texmf-dist/tex/generic/oberdiek/ifpdf.sty
Package: ifpdf 2011/01/30 v2.3 Provides the ifpdf switch (HO)
Package ifpdf Info: pdfTeX in PDF mode is detected.
)
(/usr/local/texlive/2011/texmf-dist/tex/generic/oberdiek/ifvtex.sty
Package: ifvtex 2010/03/01 v1.5 Switches for detecting VTeX and its modes (HO)
Package ifvtex Info: VTeX not detected.
)
(/usr/local/texlive/2011/texmf-dist/tex/generic/ifxetex/ifxetex.sty
Package: ifxetex 2010/09/12 v0.6 Provides ifxetex conditional
)
\Gm@cnth=\count89
\Gm@cntv=\count90
\c@Gm@tempcnt=\count91
\Gm@bindingoffset=\dimen103
\Gm@wd@mp=\dimen104
\Gm@odd@mp=\dimen105
\Gm@even@mp=\dimen106
\Gm@layoutwidth=\dimen107
\Gm@layoutheight=\dimen108
\Gm@layouthoffset=\dimen109
\Gm@layoutvoffset=\dimen110
\Gm@dimlist=\toks15
)
(/usr/local/texlive/2011/texmf-dist/tex/latex/base/inputenc.sty
Package: inputenc 2008/03/30 v1.1d Input encoding file
\inpenc@prehook=\toks16
\inpenc@posthook=\toks17

(/usr/local/texlive/2011/texmf-dist/tex/latex/base/utf8.def
File: utf8.def 2008/04/05 v1.1m UTF-8 support for inputenc
Now handling font encoding OML ...
... no UTF-8 mapping file for font encoding OML
Now handling font encoding T1 ...
... processing UTF-8 mapping file for font encoding T1

(/usr/local/texlive/2011/texmf-dist/tex/latex/base/t1enc.dfu
File: t1enc.dfu 2008/04/05 v1.1m UTF-8 support for inputenc
   defining Unicode char U+00A1 (decimal 161)
   defining Unicode char U+00A3 (decimal 163)
   defining Unicode char U+00AB (decimal 171)
   defining Unicode char U+00BB (decimal 187)
   defining Unicode char U+00BF (decimal 191)
   defining Unicode char U+00C0 (decimal 192)
   defining Unicode char U+00C1 (decimal 193)
   defining Unicode char U+00C2 (decimal 194)
   defining Unicode char U+00C3 (decimal 195)
   defining Unicode char U+00C4 (decimal 196)
   defining Unicode char U+00C5 (decimal 197)
   defining Unicode char U+00C6 (decimal 198)
   defining Unicode char U+00C7 (decimal 199)
   defining Unicode char U+00C8 (decimal 200)
   defining Unicode char U+00C9 (decimal 201)
   defining Unicode char U+00CA (decimal 202)
   defining Unicode char U+00CB (decimal 203)
   defining Unicode char U+00CC (decimal 204)
   defining Unicode char U+00CD (decimal 205)
   defining Unicode char U+00CE (decimal 206)
   defining Unicode char U+00CF (decimal 207)
   defining Unicode char U+00D0 (decimal 208)
   defining Unicode char U+00D1 (decimal 209)
   defining Unicode char U+00D2 (decimal 210)
   defining Unicode char U+00D3 (decimal 211)
   defining Unicode char U+00D4 (decimal 212)
   defining Unicode char U+00D5 (decimal 213)
   defining Unicode char U+00D6 (decimal 214)
   defining Unicode char U+00D8 (decimal 216)
   defining Unicode char U+00D9 (decimal 217)
   defining Unicode char U+00DA (decimal 218)
   defining Unicode char U+00DB (decimal 219)
   defining Unicode char U+00DC (decimal 220)
   defining Unicode char U+00DD (decimal 221)
   defining Unicode char U+00DE (decimal 222)
   defining Unicode char U+00DF (decimal 223)
   defining Unicode char U+00E0 (decimal 224)
   defining Unicode char U+00E1 (decimal 225)
   defining Unicode char U+00E2 (decimal 226)
   defining Unicode char U+00E3 (decimal 227)
   defining Unicode char U+00E4 (decimal 228)
   defining Unicode char U+00E5 (decimal 229)
   defining Unicode char U+00E6 (decimal 230)
   defining Unicode char U+00E7 (decimal 231)
   defining Unicode char U+00E8 (decimal 232)
   defining Unicode char U+00E9 (decimal 233)
   defining Unicode char U+00EA (decimal 234)
   defining Unicode char U+00EB (decimal 235)
   defining Unicode char U+00EC (decimal 236)
   defining Unicode char U+00ED (decimal 237)
   defining Unicode char U+00EE (decimal 238)
   defining Unicode char U+00EF (decimal 239)
   defining Unicode char U+00F0 (decimal 240)
   defining Unicode char U+00F1 (decimal 241)
   defining Unicode char U+00F2 (decimal 242)
   defining Unicode char U+00F3 (decimal 243)
   defining Unicode char U+00F4 (decimal 244)
   defining Unicode char U+00F5 (decimal 245)
   defining Unicode char U+00F6 (decimal 246)
   defining Unicode char U+00F8 (decimal 248)
   defining Unicode char U+00F9 (decimal 249)
   defining Unicode char U+00FA (decimal 250)
   defining Unicode char U+00FB (decimal 251)
   defining Unicode char U+00FC (decimal 252)
   defining Unicode char U+00FD (decimal 253)
   defining Unicode char U+00FE (decimal 254)
   defining Unicode char U+00FF (decimal 255)
   defining Unicode char U+0102 (decimal 258)
   defining Unicode char U+0103 (decimal 259)
   defining Unicode char U+0104 (decimal 260)
   defining Unicode char U+0105 (decimal 261)
   defining Unicode char U+0106 (decimal 262)
   defining Unicode char U+0107 (decimal 263)
   defining Unicode char U+010C (decimal 268)
   defining Unicode char U+010D (decimal 269)
   defining Unicode char U+010E (decimal 270)
   defining Unicode char U+010F (decimal 271)
   defining Unicode char U+0110 (decimal 272)
   defining Unicode char U+0111 (decimal 273)
   defining Unicode char U+0118 (decimal 280)
   defining Unicode char U+0119 (decimal 281)
   defining Unicode char U+011A (decimal 282)
   defining Unicode char U+011B (decimal 283)
   defining Unicode char U+011E (decimal 286)
   defining Unicode char U+011F (decimal 287)
   defining Unicode char U+0130 (decimal 304)
   defining Unicode char U+0131 (decimal 305)
   defining Unicode char U+0132 (decimal 306)
   defining Unicode char U+0133 (decimal 307)
   defining Unicode char U+0139 (decimal 313)
   defining Unicode char U+013A (decimal 314)
   defining Unicode char U+013D (decimal 317)
   defining Unicode char U+013E (decimal 318)
   defining Unicode char U+0141 (decimal 321)
   defining Unicode char U+0142 (decimal 322)
   defining Unicode char U+0143 (decimal 323)
   defining Unicode char U+0144 (decimal 324)
   defining Unicode char U+0147 (decimal 327)
   defining Unicode char U+0148 (decimal 328)
   defining Unicode char U+014A (decimal 330)
   defining Unicode char U+014B (decimal 331)
   defining Unicode char U+0150 (decimal 336)
   defining Unicode char U+0151 (decimal 337)
   defining Unicode char U+0152 (decimal 338)
   defining Unicode char U+0153 (decimal 339)
   defining Unicode char U+0154 (decimal 340)
   defining Unicode char U+0155 (decimal 341)
   defining Unicode char U+0158 (decimal 344)
   defining Unicode char U+0159 (decimal 345)
   defining Unicode char U+015A (decimal 346)
   defining Unicode char U+015B (decimal 347)
   defining Unicode char U+015E (decimal 350)
   defining Unicode char U+015F (decimal 351)
   defining Unicode char U+0160 (decimal 352)
   defining Unicode char U+0161 (decimal 353)
   defining Unicode char U+0162 (decimal 354)
   defining Unicode char U+0163 (decimal 355)
   defining Unicode char U+0164 (decimal 356)
   defining Unicode char U+0165 (decimal 357)
   defining Unicode char U+016E (decimal 366)
   defining Unicode char U+016F (decimal 367)
   defining Unicode char U+0170 (decimal 368)
   defining Unicode char U+0171 (decimal 369)
   defining Unicode char U+0178 (decimal 376)
   defining Unicode char U+0179 (decimal 377)
   defining Unicode char U+017A (decimal 378)
   defining Unicode char U+017B (decimal 379)
   defining Unicode char U+017C (decimal 380)
   defining Unicode char U+017D (decimal 381)
   defining Unicode char U+017E (decimal 382)
   defining Unicode char U+200C (decimal 8204)
   defining Unicode char U+2013 (decimal 8211)
   defining Unicode char U+2014 (decimal 8212)
   defining Unicode char U+2018 (decimal 8216)
   defining Unicode char U+2019 (decimal 8217)
   defining Unicode char U+201A (decimal 8218)
   defining Unicode char U+201C (decimal 8220)
   defining Unicode char U+201D (decimal 8221)
   defining Unicode char U+201E (decimal 8222)
   defining Unicode char U+2030 (decimal 8240)
   defining Unicode char U+2031 (decimal 8241)
   defining Unicode char U+2039 (decimal 8249)
   defining Unicode char U+203A (decimal 8250)
   defining Unicode char U+2423 (decimal 9251)
)
Now handling font encoding OT1 ...
... processing UTF-8 mapping file for font encoding OT1

(/usr/local/texlive/2011/texmf-dist/tex/latex/base/ot1enc.dfu
File: ot1enc.dfu 2008/04/05 v1.1m UTF-8 support for inputenc
   defining Unicode char U+00A1 (decimal 161)
   defining Unicode char U+00A3 (decimal 163)
   defining Unicode char U+00B8 (decimal 184)
   defining Unicode char U+00BF (decimal 191)
   defining Unicode char U+00C5 (decimal 197)
   defining Unicode char U+00C6 (decimal 198)
   defining Unicode char U+00D8 (decimal 216)
   defining Unicode char U+00DF (decimal 223)
   defining Unicode char U+00E6 (decimal 230)
   defining Unicode char U+00EC (decimal 236)
   defining Unicode char U+00ED (decimal 237)
   defining Unicode char U+00EE (decimal 238)
   defining Unicode char U+00EF (decimal 239)
   defining Unicode char U+00F8 (decimal 248)
   defining Unicode char U+0131 (decimal 305)
   defining Unicode char U+0141 (decimal 321)
   defining Unicode char U+0142 (decimal 322)
   defining Unicode char U+0152 (decimal 338)
   defining Unicode char U+0153 (decimal 339)
   defining Unicode char U+2013 (decimal 8211)
   defining Unicode char U+2014 (decimal 8212)
   defining Unicode char U+2018 (decimal 8216)
   defining Unicode char U+2019 (decimal 8217)
   defining Unicode char U+201C (decimal 8220)
   defining Unicode char U+201D (decimal 8221)
)
Now handling font encoding OMS ...
... processing UTF-8 mapping file for font encoding OMS

(/usr/local/texlive/2011/texmf-dist/tex/latex/base/omsenc.dfu
File: omsenc.dfu 2008/04/05 v1.1m UTF-8 support for inputenc
   defining Unicode char U+00A7 (decimal 167)
   defining Unicode char U+00B6 (decimal 182)
   defining Unicode char U+00B7 (decimal 183)
   defining Unicode char U+2020 (decimal 8224)
   defining Unicode char U+2021 (decimal 8225)
   defining Unicode char U+2022 (decimal 8226)
)
Now handling font encoding OMX ...
... no UTF-8 mapping file for font encoding OMX
Now handling font encoding U ...
... no UTF-8 mapping file for font encoding U
   defining Unicode char U+00A9 (decimal 169)
   defining Unicode char U+00AA (decimal 170)
   defining Unicode char U+00AE (decimal 174)
   defining Unicode char U+00BA (decimal 186)
   defining Unicode char U+02C6 (decimal 710)
   defining Unicode char U+02DC (decimal 732)
   defining Unicode char U+200C (decimal 8204)
   defining Unicode char U+2026 (decimal 8230)
   defining Unicode char U+2122 (decimal 8482)
   defining Unicode char U+2423 (decimal 9251)
))
(/usr/local/texlive/2011/texmf-dist/tex/latex/amsmath/amsmath.sty
Package: amsmath 2000/07/18 v2.13 AMS math features
\@mathmargin=\skip43

For additional information on amsmath, use the `?' option.
(/usr/local/texlive/2011/texmf-dist/tex/latex/amsmath/amstext.sty
Package: amstext 2000/06/29 v2.01

(/usr/local/texlive/2011/texmf-dist/tex/latex/amsmath/amsgen.sty
File: amsgen.sty 1999/11/30 v2.0
\@emptytoks=\toks18
\ex@=\dimen111
))
(/usr/local/texlive/2011/texmf-dist/tex/latex/amsmath/amsbsy.sty
Package: amsbsy 1999/11/29 v1.2d
\pmbraise@=\dimen112
)
(/usr/local/texlive/2011/texmf-dist/tex/latex/amsmath/amsopn.sty
Package: amsopn 1999/12/14 v2.01 operator names
)
\inf@bad=\count92
LaTeX Info: Redefining \frac on input line 211.
\uproot@=\count93
\leftroot@=\count94
LaTeX Info: Redefining \overline on input line 307.
\classnum@=\count95
\DOTSCASE@=\count96
LaTeX Info: Redefining \ldots on input line 379.
LaTeX Info: Redefining \dots on input line 382.
LaTeX Info: Redefining \cdots on input line 467.
\Mathstrutbox@=\box26
\strutbox@=\box27
\big@size=\dimen113
LaTeX Font Info:    Redeclaring font encoding OML on input line 567.
LaTeX Font Info:    Redeclaring font encoding OMS on input line 568.
\macc@depth=\count97
\c@MaxMatrixCols=\count98
\dotsspace@=\muskip10
\c@parentequation=\count99
\dspbrk@lvl=\count100
\tag@help=\toks19
\row@=\count101
\column@=\count102
\maxfields@=\count103
\andhelp@=\toks20
\eqnshift@=\dimen114
\alignsep@=\dimen115
\tagshift@=\dimen116
\tagwidth@=\dimen117
\totwidth@=\dimen118
\lineht@=\dimen119
\@envbody=\toks21
\multlinegap=\skip44
\multlinetaggap=\skip45
\mathdisplay@stack=\toks22
LaTeX Info: Redefining \[ on input line 2666.
LaTeX Info: Redefining \] on input line 2667.
)
(/usr/local/texlive/2011/texmf-dist/tex/latex/amsfonts/amssymb.sty
Package: amssymb 2009/06/22 v3.00

(/usr/local/texlive/2011/texmf-dist/tex/latex/amsfonts/amsfonts.sty
Package: amsfonts 2009/06/22 v3.00 Basic AMSFonts support
\symAMSa=\mathgroup4
\symAMSb=\mathgroup5
LaTeX Font Info:    Overwriting math alphabet `\mathfrak' in version `bold'
(Font)                  U/euf/m/n --> U/euf/b/n on input line 96.
))
(/usr/local/texlive/2011/texmf-dist/tex/latex/jknapltx/mathrsfs.sty
Package: mathrsfs 1996/01/01 Math RSFS package v1.0 (jk)
\symrsfs=\mathgroup6
)
(/usr/local/texlive/2011/texmf-dist/tex/latex/amscls/amsthm.sty
Package: amsthm 2009/07/02 v2.20.1
\thm@style=\toks23
\thm@bodyfont=\toks24
\thm@headfont=\toks25
\thm@notefont=\toks26
\thm@headpunct=\toks27
\thm@preskip=\skip46
\thm@postskip=\skip47
\thm@headsep=\skip48
\dth@everypar=\toks28
)
(/usr/local/texlive/2011/texmf-dist/tex/latex/amsmath/amscd.sty
Package: amscd 1999/11/29 v1.2d
\athelp@=\toks29
\minaw@=\dimen120
\bigaw@=\dimen121
\minCDarrowwidth=\dimen122
)
(/usr/local/texlive/2011/texmf-dist/tex/latex/listings/listings.sty
\lst@mode=\count104
\lst@gtempboxa=\box28
\lst@token=\toks30
\lst@length=\count105
\lst@currlwidth=\dimen123
\lst@column=\count106
\lst@pos=\count107
\lst@lostspace=\dimen124
\lst@width=\dimen125
\lst@newlines=\count108
\lst@lineno=\count109
\lst@maxwidth=\dimen126

(/usr/local/texlive/2011/texmf-dist/tex/latex/listings/lstmisc.sty
File: lstmisc.sty 2007/02/22 1.4 (Carsten Heinz)
\c@lstnumber=\count110
\lst@skipnumbers=\count111
\lst@framebox=\box29
)
(/usr/local/texlive/2011/texmf-dist/tex/latex/listings/listings.cfg
File: listings.cfg 2007/02/22 1.4 listings configuration
))
Package: listings 2007/02/22 1.4 (Carsten Heinz)

(/usr/local/texlive/2011/texmf-dist/tex/latex/tools/array.sty
Package: array 2008/09/09 v2.4c Tabular extension package (FMi)
\col@sep=\dimen127
\extrarowheight=\dimen128
\NC@list=\toks31
\extratabsurround=\skip49
\backup@length=\skip50
)
(/usr/local/texlive/2011/texmf-dist/tex/latex/mh/mathtools.sty
Package: mathtools 2011/02/12 v1.10 mathematical typesetting tools

(/usr/local/texlive/2011/texmf-dist/tex/latex/tools/calc.sty
Package: calc 2007/08/22 v4.3 Infix arithmetic (KKT,FJ)
\calc@Acount=\count112
\calc@Bcount=\count113
\calc@Adimen=\dimen129
\calc@Bdimen=\dimen130
\calc@Askip=\skip51
\calc@Bskip=\skip52
LaTeX Info: Redefining \setlength on input line 76.
LaTeX Info: Redefining \addtolength on input line 77.
\calc@Ccount=\count114
\calc@Cskip=\skip53
)
(/usr/local/texlive/2011/texmf-dist/tex/latex/mh/mhsetup.sty
Package: mhsetup 2010/01/21 v1.2a programming setup (MH)
)
\g_MT_multlinerow_int=\count115
\l_MT_multwidth_dim=\dimen131
\origjot=\skip54
\l_MT_shortvdotswithinadjustabove_dim=\dimen132
\l_MT_shortvdotswithinadjustbelow_dim=\dimen133
)
(/usr/local/texlive/2011/texmf-dist/tex/latex/doublestroke/dsfont.sty
Package: dsfont 1995/08/01 v0.1 Double stroke roman fonts
)
(/usr/local/texlive/2011/texmf-dist/tex/latex/graphics/graphicx.sty
Package: graphicx 1999/02/16 v1.0f Enhanced LaTeX Graphics (DPC,SPQR)

(/usr/local/texlive/2011/texmf-dist/tex/latex/graphics/graphics.sty
Package: graphics 2009/02/05 v1.0o Standard LaTeX Graphics (DPC,SPQR)

(/usr/local/texlive/2011/texmf-dist/tex/latex/graphics/trig.sty
Package: trig 1999/03/16 v1.09 sin cos tan (DPC)
)
(/usr/local/texlive/2011/texmf-dist/tex/latex/latexconfig/graphics.cfg
File: graphics.cfg 2010/04/23 v1.9 graphics configuration of TeX Live
)
Package graphics Info: Driver file: pdftex.def on input line 91.

(/usr/local/texlive/2011/texmf-dist/tex/latex/pdftex-def/pdftex.def
File: pdftex.def 2011/05/27 v0.06d Graphics/color for pdfTeX

(/usr/local/texlive/2011/texmf-dist/tex/generic/oberdiek/infwarerr.sty
Package: infwarerr 2010/04/08 v1.3 Providing info/warning/message (HO)
)
(/usr/local/texlive/2011/texmf-dist/tex/generic/oberdiek/ltxcmds.sty
Package: ltxcmds 2011/04/18 v1.20 LaTeX kernel commands for general use (HO)
)
\Gread@gobject=\count116
))
\Gin@req@height=\dimen134
\Gin@req@width=\dimen135
)
(/usr/local/texlive/2011/texmf-dist/tex/latex/pdfpages/pdfpages.sty
Package: pdfpages 2011/03/10 v0.4n Insert pages of external PDF documents (AM)

(/usr/local/texlive/2011/texmf-dist/tex/latex/base/ifthen.sty
Package: ifthen 2001/05/26 v1.1c Standard LaTeX ifthen package (DPC)
)
(/usr/local/texlive/2011/texmf-dist/tex/latex/eso-pic/eso-pic.sty
Package: eso-pic 2010/10/06 v2.0c eso-pic (RN)

(/usr/local/texlive/2011/texmf-dist/tex/generic/oberdiek/atbegshi.sty
Package: atbegshi 2011/01/30 v1.15 At begin shipout hook (HO)
)
(/usr/local/texlive/2011/texmf-dist/tex/latex/xcolor/xcolor.sty
Package: xcolor 2007/01/21 v2.11 LaTeX color extensions (UK)

(/usr/local/texlive/2011/texmf-dist/tex/latex/latexconfig/color.cfg
File: color.cfg 2007/01/18 v1.5 color configuration of teTeX/TeXLive
)
Package xcolor Info: Driver file: pdftex.def on input line 225.
Package xcolor Info: Model `cmy' substituted by `cmy0' on input line 1337.
Package xcolor Info: Model `hsb' substituted by `rgb' on input line 1341.
Package xcolor Info: Model `RGB' extended on input line 1353.
Package xcolor Info: Model `HTML' substituted by `rgb' on input line 1355.
Package xcolor Info: Model `Hsb' substituted by `hsb' on input line 1356.
Package xcolor Info: Model `tHsb' substituted by `hsb' on input line 1357.
Package xcolor Info: Model `HSB' substituted by `hsb' on input line 1358.
Package xcolor Info: Model `Gray' substituted by `gray' on input line 1359.
Package xcolor Info: Model `wave' substituted by `hsb' on input line 1360.
))
(/usr/local/texlive/2011/texmf-dist/tex/latex/pdfpages/pppdftex.def
File: pppdftex.def 2011/03/10 v0.4n Pdfpages driver for pdfTeX (AM)
)
\AM@pagebox=\box30
\AM@toc@title=\toks32
\c@AM@survey=\count117
\AM@templatesizebox=\box31
)
(/usr/local/texlive/2011/texmf-dist/tex/latex/todonotes/todonotes.sty
Package: todonotes 2011/04/21 .dtx Todonotes source and documentation.
Package: todonotes 2011/04/21

(/usr/local/texlive/2011/texmf-dist/tex/latex/xkeyval/xkeyval.sty
Package: xkeyval 2008/08/13 v2.6a package option processing (HA)

(/usr/local/texlive/2011/texmf-dist/tex/generic/xkeyval/xkeyval.tex
\XKV@toks=\toks33
\XKV@tempa@toks=\toks34
\XKV@depth=\count118
File: xkeyval.tex 2008/08/13 v2.6a key=value parser (HA)
))
(/usr/local/texlive/2011/texmf-dist/tex/latex/pgf/frontendlayer/tikz.sty
(/usr/local/texlive/2011/texmf-dist/tex/latex/pgf/basiclayer/pgf.sty
(/usr/local/texlive/2011/texmf-dist/tex/latex/pgf/utilities/pgfrcs.sty
(/usr/local/texlive/2011/texmf-dist/tex/generic/pgf/utilities/pgfutil-common.te
x
\pgfutil@everybye=\toks35
)
(/usr/local/texlive/2011/texmf-dist/tex/generic/pgf/utilities/pgfutil-latex.def
\pgfutil@abb=\box32
(/usr/local/texlive/2011/texmf-dist/tex/latex/ms/everyshi.sty
Package: everyshi 2001/05/15 v3.00 EveryShipout Package (MS)
))
(/usr/local/texlive/2011/texmf-dist/tex/generic/pgf/utilities/pgfrcs.code.tex
Package: pgfrcs 2010/10/25 v2.10 (rcs-revision 1.24)
))
Package: pgf 2008/01/15 v2.10 (rcs-revision 1.12)
(/usr/local/texlive/2011/texmf-dist/tex/latex/pgf/basiclayer/pgfcore.sty
(/usr/local/texlive/2011/texmf-dist/tex/latex/pgf/systemlayer/pgfsys.sty
(/usr/local/texlive/2011/texmf-dist/tex/generic/pgf/systemlayer/pgfsys.code.tex
Package: pgfsys 2010/06/30 v2.10 (rcs-revision 1.37)
(/usr/local/texlive/2011/texmf-dist/tex/generic/pgf/utilities/pgfkeys.code.tex
\pgfkeys@pathtoks=\toks36
\pgfkeys@temptoks=\toks37

(/usr/local/texlive/2011/texmf-dist/tex/generic/pgf/utilities/pgfkeysfiltered.c
ode.tex
\pgfkeys@tmptoks=\toks38
))
\pgf@x=\dimen136
\pgf@y=\dimen137
\pgf@xa=\dimen138
\pgf@ya=\dimen139
\pgf@xb=\dimen140
\pgf@yb=\dimen141
\pgf@xc=\dimen142
\pgf@yc=\dimen143
\w@pgf@writea=\write3
\r@pgf@reada=\read1
\c@pgf@counta=\count119
\c@pgf@countb=\count120
\c@pgf@countc=\count121
\c@pgf@countd=\count122

(/usr/local/texlive/2011/texmf-dist/tex/generic/pgf/systemlayer/pgf.cfg
File: pgf.cfg 2008/05/14  (rcs-revision 1.7)
)
Package pgfsys Info: Driver file for pgf: pgfsys-pdftex.def on input line 900.

(/usr/local/texlive/2011/texmf-dist/tex/generic/pgf/systemlayer/pgfsys-pdftex.d
ef
File: pgfsys-pdftex.def 2009/05/22  (rcs-revision 1.26)

(/usr/local/texlive/2011/texmf-dist/tex/generic/pgf/systemlayer/pgfsys-common-p
df.def
File: pgfsys-common-pdf.def 2008/05/19  (rcs-revision 1.10)
)))
(/usr/local/texlive/2011/texmf-dist/tex/generic/pgf/systemlayer/pgfsyssoftpath.
code.tex
File: pgfsyssoftpath.code.tex 2008/07/18  (rcs-revision 1.7)
\pgfsyssoftpath@smallbuffer@items=\count123
\pgfsyssoftpath@bigbuffer@items=\count124
)
(/usr/local/texlive/2011/texmf-dist/tex/generic/pgf/systemlayer/pgfsysprotocol.
code.tex
File: pgfsysprotocol.code.tex 2006/10/16  (rcs-revision 1.4)
))
(/usr/local/texlive/2011/texmf-dist/tex/generic/pgf/basiclayer/pgfcore.code.tex
Package: pgfcore 2010/04/11 v2.10 (rcs-revision 1.7)
(/usr/local/texlive/2011/texmf-dist/tex/generic/pgf/math/pgfmath.code.tex
(/usr/local/texlive/2011/texmf-dist/tex/generic/pgf/math/pgfmathcalc.code.tex
(/usr/local/texlive/2011/texmf-dist/tex/generic/pgf/math/pgfmathutil.code.tex)
(/usr/local/texlive/2011/texmf-dist/tex/generic/pgf/math/pgfmathparser.code.tex
\pgfmath@dimen=\dimen144
\pgfmath@count=\count125
\pgfmath@box=\box33
\pgfmath@toks=\toks39
\pgfmath@stack@operand=\toks40
\pgfmath@stack@operation=\toks41
)
(/usr/local/texlive/2011/texmf-dist/tex/generic/pgf/math/pgfmathfunctions.code.
tex
(/usr/local/texlive/2011/texmf-dist/tex/generic/pgf/math/pgfmathfunctions.basic
.code.tex)
(/usr/local/texlive/2011/texmf-dist/tex/generic/pgf/math/pgfmathfunctions.trigo
nometric.code.tex)
(/usr/local/texlive/2011/texmf-dist/tex/generic/pgf/math/pgfmathfunctions.rando
m.code.tex)
(/usr/local/texlive/2011/texmf-dist/tex/generic/pgf/math/pgfmathfunctions.compa
rison.code.tex)
(/usr/local/texlive/2011/texmf-dist/tex/generic/pgf/math/pgfmathfunctions.base.
code.tex)
(/usr/local/texlive/2011/texmf-dist/tex/generic/pgf/math/pgfmathfunctions.round
.code.tex)
(/usr/local/texlive/2011/texmf-dist/tex/generic/pgf/math/pgfmathfunctions.misc.
code.tex)))
(/usr/local/texlive/2011/texmf-dist/tex/generic/pgf/math/pgfmathfloat.code.tex
\c@pgfmathroundto@lastzeros=\count126
))
(/usr/local/texlive/2011/texmf-dist/tex/generic/pgf/basiclayer/pgfcorepoints.co
de.tex
File: pgfcorepoints.code.tex 2010/04/09  (rcs-revision 1.20)
\pgf@picminx=\dimen145
\pgf@picmaxx=\dimen146
\pgf@picminy=\dimen147
\pgf@picmaxy=\dimen148
\pgf@pathminx=\dimen149
\pgf@pathmaxx=\dimen150
\pgf@pathminy=\dimen151
\pgf@pathmaxy=\dimen152
\pgf@xx=\dimen153
\pgf@xy=\dimen154
\pgf@yx=\dimen155
\pgf@yy=\dimen156
\pgf@zx=\dimen157
\pgf@zy=\dimen158
)
(/usr/local/texlive/2011/texmf-dist/tex/generic/pgf/basiclayer/pgfcorepathconst
ruct.code.tex
File: pgfcorepathconstruct.code.tex 2010/08/03  (rcs-revision 1.24)
\pgf@path@lastx=\dimen159
\pgf@path@lasty=\dimen160
)
(/usr/local/texlive/2011/texmf-dist/tex/generic/pgf/basiclayer/pgfcorepathusage
.code.tex
File: pgfcorepathusage.code.tex 2008/04/22  (rcs-revision 1.12)
\pgf@shorten@end@additional=\dimen161
\pgf@shorten@start@additional=\dimen162
)
(/usr/local/texlive/2011/texmf-dist/tex/generic/pgf/basiclayer/pgfcorescopes.co
de.tex
File: pgfcorescopes.code.tex 2010/09/08  (rcs-revision 1.34)
\pgfpic=\box34
\pgf@hbox=\box35
\pgf@layerbox@main=\box36
\pgf@picture@serial@count=\count127
)
(/usr/local/texlive/2011/texmf-dist/tex/generic/pgf/basiclayer/pgfcoregraphicst
ate.code.tex
File: pgfcoregraphicstate.code.tex 2008/04/22  (rcs-revision 1.9)
\pgflinewidth=\dimen163
)
(/usr/local/texlive/2011/texmf-dist/tex/generic/pgf/basiclayer/pgfcoretransform
ations.code.tex
File: pgfcoretransformations.code.tex 2009/06/10  (rcs-revision 1.11)
\pgf@pt@x=\dimen164
\pgf@pt@y=\dimen165
\pgf@pt@temp=\dimen166
)
(/usr/local/texlive/2011/texmf-dist/tex/generic/pgf/basiclayer/pgfcorequick.cod
e.tex
File: pgfcorequick.code.tex 2008/10/09  (rcs-revision 1.3)
)
(/usr/local/texlive/2011/texmf-dist/tex/generic/pgf/basiclayer/pgfcoreobjects.c
ode.tex
File: pgfcoreobjects.code.tex 2006/10/11  (rcs-revision 1.2)
)
(/usr/local/texlive/2011/texmf-dist/tex/generic/pgf/basiclayer/pgfcorepathproce
ssing.code.tex
File: pgfcorepathprocessing.code.tex 2008/10/09  (rcs-revision 1.8)
)
(/usr/local/texlive/2011/texmf-dist/tex/generic/pgf/basiclayer/pgfcorearrows.co
de.tex
File: pgfcorearrows.code.tex 2008/04/23  (rcs-revision 1.11)
)
(/usr/local/texlive/2011/texmf-dist/tex/generic/pgf/basiclayer/pgfcoreshade.cod
e.tex
File: pgfcoreshade.code.tex 2008/11/23  (rcs-revision 1.13)
\pgf@max=\dimen167
\pgf@sys@shading@range@num=\count128
)
(/usr/local/texlive/2011/texmf-dist/tex/generic/pgf/basiclayer/pgfcoreimage.cod
e.tex
File: pgfcoreimage.code.tex 2010/03/25  (rcs-revision 1.16)

(/usr/local/texlive/2011/texmf-dist/tex/generic/pgf/basiclayer/pgfcoreexternal.
code.tex
File: pgfcoreexternal.code.tex 2010/09/01  (rcs-revision 1.17)
\pgfexternal@startupbox=\box37
))
(/usr/local/texlive/2011/texmf-dist/tex/generic/pgf/basiclayer/pgfcorelayers.co
de.tex
File: pgfcorelayers.code.tex 2010/08/27  (rcs-revision 1.2)
)
(/usr/local/texlive/2011/texmf-dist/tex/generic/pgf/basiclayer/pgfcoretranspare
ncy.code.tex
File: pgfcoretransparency.code.tex 2008/01/17  (rcs-revision 1.2)
)
(/usr/local/texlive/2011/texmf-dist/tex/generic/pgf/basiclayer/pgfcorepatterns.
code.tex
File: pgfcorepatterns.code.tex 2009/07/02  (rcs-revision 1.3)
)))
(/usr/local/texlive/2011/texmf-dist/tex/generic/pgf/modules/pgfmoduleshapes.cod
e.tex
File: pgfmoduleshapes.code.tex 2010/09/09  (rcs-revision 1.13)
\pgfnodeparttextbox=\box38
)
(/usr/local/texlive/2011/texmf-dist/tex/generic/pgf/modules/pgfmoduleplot.code.
tex
File: pgfmoduleplot.code.tex 2010/10/22  (rcs-revision 1.8)
)
(/usr/local/texlive/2011/texmf-dist/tex/latex/pgf/compatibility/pgfcomp-version
-0-65.sty
Package: pgfcomp-version-0-65 2007/07/03 v2.10 (rcs-revision 1.7)
\pgf@nodesepstart=\dimen168
\pgf@nodesepend=\dimen169
)
(/usr/local/texlive/2011/texmf-dist/tex/latex/pgf/compatibility/pgfcomp-version
-1-18.sty
Package: pgfcomp-version-1-18 2007/07/23 v2.10 (rcs-revision 1.1)
))
(/usr/local/texlive/2011/texmf-dist/tex/latex/pgf/utilities/pgffor.sty
(/usr/local/texlive/2011/texmf-dist/tex/latex/pgf/utilities/pgfkeys.sty
(/usr/local/texlive/2011/texmf-dist/tex/generic/pgf/utilities/pgfkeys.code.tex)
) (/usr/local/texlive/2011/texmf-dist/tex/generic/pgf/utilities/pgffor.code.tex
Package: pgffor 2010/03/23 v2.10 (rcs-revision 1.18)
\pgffor@iter=\dimen170
\pgffor@skip=\dimen171
\pgffor@stack=\toks42
\pgffor@toks=\toks43
))
(/usr/local/texlive/2011/texmf-dist/tex/generic/pgf/frontendlayer/tikz/tikz.cod
e.tex
Package: tikz 2010/10/13 v2.10 (rcs-revision 1.76)

(/usr/local/texlive/2011/texmf-dist/tex/generic/pgf/libraries/pgflibraryplothan
dlers.code.tex
File: pgflibraryplothandlers.code.tex 2010/05/31 v2.10 (rcs-revision 1.15)
\pgf@plot@mark@count=\count129
\pgfplotmarksize=\dimen172
)
\tikz@lastx=\dimen173
\tikz@lasty=\dimen174
\tikz@lastxsaved=\dimen175
\tikz@lastysaved=\dimen176
\tikzleveldistance=\dimen177
\tikzsiblingdistance=\dimen178
\tikz@figbox=\box39
\tikz@tempbox=\box40
\tikztreelevel=\count130
\tikznumberofchildren=\count131
\tikznumberofcurrentchild=\count132
\tikz@fig@count=\count133

(/usr/local/texlive/2011/texmf-dist/tex/generic/pgf/modules/pgfmodulematrix.cod
e.tex
File: pgfmodulematrix.code.tex 2010/08/24  (rcs-revision 1.4)
\pgfmatrixcurrentrow=\count134
\pgfmatrixcurrentcolumn=\count135
\pgf@matrix@numberofcolumns=\count136
)
\tikz@expandcount=\count137

(/usr/local/texlive/2011/texmf-dist/tex/generic/pgf/frontendlayer/tikz/librarie
s/tikzlibrarytopaths.code.tex
File: tikzlibrarytopaths.code.tex 2008/06/17 v2.10 (rcs-revision 1.2)
)))
\c@@todonotes@numberoftodonotes=\count138
)
(/usr/local/texlive/2011/texmf-dist/tex/latex/algorithms/algorithm.sty
Package: algorithm 2009/08/24 v0.1 Document Style `algorithm' - floating enviro
nment

(/usr/local/texlive/2011/texmf-dist/tex/latex/float/float.sty
Package: float 2001/11/08 v1.3d Float enhancements (AL)
\c@float@type=\count139
\float@exts=\toks44
\float@box=\box41
\@float@everytoks=\toks45
\@floatcapt=\box42
)
\@float@every@algorithm=\toks46
\c@algorithm=\count140
)
(/usr/local/texlive/2011/texmf-dist/tex/latex/algorithms/algorithmic.sty
Package: algorithmic 2009/08/24 v0.1 Document Style `algorithmic'
\c@ALC@unique=\count141
\c@ALC@line=\count142
\c@ALC@rem=\count143
\c@ALC@depth=\count144
\ALC@tlm=\skip55
\algorithmicindent=\skip56
)
(/usr/local/texlive/2011/texmf-dist/tex/latex/tools/bm.sty
Package: bm 2004/02/26 v1.1c Bold Symbol Support (DPC/FMi)
\symboldoperators=\mathgroup7
\symboldletters=\mathgroup8
\symboldsymbols=\mathgroup9
LaTeX Font Info:    Redeclaring math alphabet \mathbf on input line 138.
LaTeX Info: Redefining \bm on input line 204.
)
(/usr/local/texlive/2011/texmf-dist/tex/latex/subfigure/subfigure.sty
Package: subfigure 2002/03/15 v2.1.5 subfigure package
\subfigtopskip=\skip57
\subfigcapskip=\skip58
\subfigcaptopadj=\dimen179
\subfigbottomskip=\skip59
\subfigcapmargin=\dimen180
\subfiglabelskip=\skip60
\c@subfigure=\count145
\c@lofdepth=\count146
\c@subtable=\count147
\c@lotdepth=\count148

****************************************
* Local config file subfigure.cfg used *
****************************************
(/usr/local/texlive/2011/texmf-dist/tex/latex/subfigure/subfigure.cfg)
\subfig@top=\skip61
\subfig@bottom=\skip62
)
(/usr/local/texlive/2011/texmf-dist/tex/generic/ulem/ulem.sty
\UL@box=\box43
\UL@hyphenbox=\box44
\UL@skip=\skip63
\UL@hook=\toks47
\UL@height=\dimen181
\UL@pe=\count149
\UL@pixel=\dimen182
\ULC@box=\box45
Package: ulem 2011/03/18
\ULdepth=\dimen183
)
\c@remark=\count150
 (./H1DPG.aux)
\openout1 = `H1DPG.aux'.

LaTeX Font Info:    Checking defaults for OML/cmm/m/it on input line 133.
LaTeX Font Info:    ... okay on input line 133.
LaTeX Font Info:    Checking defaults for T1/cmr/m/n on input line 133.
LaTeX Font Info:    ... okay on input line 133.
LaTeX Font Info:    Checking defaults for OT1/cmr/m/n on input line 133.
LaTeX Font Info:    ... okay on input line 133.
LaTeX Font Info:    Checking defaults for OMS/cmsy/m/n on input line 133.
LaTeX Font Info:    ... okay on input line 133.
LaTeX Font Info:    Checking defaults for OMX/cmex/m/n on input line 133.
LaTeX Font Info:    ... okay on input line 133.
LaTeX Font Info:    Checking defaults for U/cmr/m/n on input line 133.
LaTeX Font Info:    ... okay on input line 133.

*geometry* driver: auto-detecting
*geometry* detected driver: pdftex
*geometry* verbose mode - [ preamble ] result:
* driver: pdftex
* paper: <default>
* layout: <same size as paper>
* layoutoffset:(h,v)=(0.0pt,0.0pt)
* modes: twoside 
* h-part:(L,W,R)=(99.58464pt, 415.12572pt, 99.58464pt)
* v-part:(T,H,B)=(56.9055pt, 652.70622pt, 85.35826pt)
* \paperwidth=614.295pt
* \paperheight=794.96999pt
* \textwidth=415.12572pt
* \textheight=652.70622pt
* \oddsidemargin=27.31465pt
* \evensidemargin=27.31465pt
* \topmargin=-39.81825pt
* \headheight=10.0pt
* \headsep=14.45377pt
* \topskip=10.0pt
* \footskip=14.45377pt
* \marginparwidth=90.0pt
* \marginparsep=11.0pt
* \columnsep=10.0pt
* \skip\footins=13.0pt plus 4.0pt minus 2.0pt
* \hoffset=0.0pt
* \voffset=0.0pt
* \mag=1000
* \@twocolumnfalse
* \@twosidetrue
* \@mparswitchtrue
* \@reversemarginfalse
* (1in=72.27pt=25.4mm, 1cm=28.453pt)

\c@lstlisting=\count151
(/usr/local/texlive/2011/texmf-dist/tex/context/base/supp-pdf.mkii
[Loading MPS to PDF converter (version 2006.09.02).]
\scratchcounter=\count152
\scratchdimen=\dimen184
\scratchbox=\box46
\nofMPsegments=\count153
\nofMParguments=\count154
\everyMPshowfont=\toks48
\MPscratchCnt=\count155
\MPscratchDim=\dimen185
\MPnumerator=\count156
\makeMPintoPDFobject=\count157
\everyMPtoPDFconversion=\toks49
) (/usr/local/texlive/2011/texmf-dist/tex/generic/oberdiek/pdftexcmds.sty
Package: pdftexcmds 2011/04/22 v0.16 Utilities of pdfTeX for LuaTeX (HO)

(/usr/local/texlive/2011/texmf-dist/tex/generic/oberdiek/ifluatex.sty
Package: ifluatex 2010/03/01 v1.3 Provides the ifluatex switch (HO)
Package ifluatex Info: LuaTeX not detected.
)
Package pdftexcmds Info: LuaTeX not detected.
Package pdftexcmds Info: \pdf@primitive is available.
Package pdftexcmds Info: \pdf@ifprimitive is available.
Package pdftexcmds Info: \pdfdraftmode found.
)
(/usr/local/texlive/2011/texmf-dist/tex/latex/oberdiek/epstopdf-base.sty
Package: epstopdf-base 2010/02/09 v2.5 Base part for package epstopdf

(/usr/local/texlive/2011/texmf-dist/tex/latex/oberdiek/grfext.sty
Package: grfext 2010/08/19 v1.1 Managing graphics extensions (HO)

(/usr/local/texlive/2011/texmf-dist/tex/generic/oberdiek/kvdefinekeys.sty
Package: kvdefinekeys 2011/04/07 v1.3 Defining keys (HO)
))
(/usr/local/texlive/2011/texmf-dist/tex/latex/oberdiek/kvoptions.sty
Package: kvoptions 2010/12/23 v3.10 Keyval support for LaTeX options (HO)

(/usr/local/texlive/2011/texmf-dist/tex/generic/oberdiek/kvsetkeys.sty
Package: kvsetkeys 2011/04/07 v1.13 Key value parser (HO)

(/usr/local/texlive/2011/texmf-dist/tex/generic/oberdiek/etexcmds.sty
Package: etexcmds 2011/02/16 v1.5 Prefix for e-TeX command names (HO)
Package etexcmds Info: Could not find \expanded.
(etexcmds)             That can mean that you are not using pdfTeX 1.50 or
(etexcmds)             that some package has redefined \expanded.
(etexcmds)             In the latter case, load this package earlier.
)))
Package grfext Info: Graphics extension search list:
(grfext)             [.png,.pdf,.jpg,.mps,.jpeg,.jbig2,.jb2,.PNG,.PDF,.JPG,.JPE
G,.JBIG2,.JB2,.eps]
(grfext)             \AppendGraphicsExtensions on input line 452.

(/usr/local/texlive/2011/texmf-dist/tex/latex/latexconfig/epstopdf-sys.cfg
File: epstopdf-sys.cfg 2010/07/13 v1.3 Configuration of (r)epstopdf for TeX Liv
e
))
\AtBeginShipoutBox=\box47

ABD: EveryShipout initializing macros
LaTeX Font Info:    Try loading font information for U+msa on input line 147.

(/usr/local/texlive/2011/texmf-dist/tex/latex/amsfonts/umsa.fd
File: umsa.fd 2009/06/22 v3.00 AMS symbols A
)
LaTeX Font Info:    Try loading font information for U+msb on input line 147.

(/usr/local/texlive/2011/texmf-dist/tex/latex/amsfonts/umsb.fd
File: umsb.fd 2009/06/22 v3.00 AMS symbols B
)
LaTeX Font Info:    Try loading font information for U+rsfs on input line 147.

(/usr/local/texlive/2011/texmf-dist/tex/latex/jknapltx/ursfs.fd
File: ursfs.fd 1998/03/24 rsfs font definition file (jk)
)
Overfull \vbox (1.66716pt too high) has occurred while \output is active []


[1

{/usr/local/texlive/2011/texmf-var/fonts/map/pdftex/updmap/pdftex.map}]
Overfull \hbox (35.88307pt too wide) in paragraph at lines 202--204
\OT1/cmr/m/n/10 Furthermore, the Riesz op-er-a-tor is an isom-e-try, such that 
$\OML/cmm/m/it/10 J\OT1/cmr/m/n/10 (\OML/cmm/m/it/10 u[]\OT1/cmr/m/n/10 ) = [] 
[][] = [] [][]$.
 []

[2] <figs/saddlePoint.pdf, id=27, 694.34247pt x 449.80945pt>
File: figs/saddlePoint.pdf Graphic file (type pdf)

<use figs/saddlePoint.pdf>
Package pdftex.def Info: figs/saddlePoint.pdf used on input line 233.
(pdftex.def)             Requested size: 208.30434pt x 134.94386pt.
 [3 <./figs/saddlePoint.pdf>] [4] [5]
<figs/weightedComparison1D.png, id=54, 927.465pt x 542.025pt>
File: figs/weightedComparison1D.png Graphic file (type png)

<use figs/weightedComparison1D.png>
Package pdftex.def Info: figs/weightedComparison1D.png used on input line 360.
(pdftex.def)             Requested size: 204.04292pt x 119.24586pt.

<figs/weightedErrorComparison1D.png, id=55, 927.465pt x 542.025pt>
File: figs/weightedErrorComparison1D.png Graphic file (type png)

<use figs/weightedErrorComparison1D.png>
Package pdftex.def Info: figs/weightedErrorComparison1D.png used on input line 
361.
(pdftex.def)             Requested size: 204.04292pt x 119.24586pt.


LaTeX Warning: `!h' float specifier changed to `!ht'.

[6] <figs/robustComparison1D.png, id=61, 927.465pt x 542.025pt>
File: figs/robustComparison1D.png Graphic file (type png)

<use figs/robustComparison1D.png>
Package pdftex.def Info: figs/robustComparison1D.png used on input line 403.
(pdftex.def)             Requested size: 204.04292pt x 119.24586pt.

<figs/robustErrorComparison1D.png, id=62, 927.465pt x 542.025pt>
File: figs/robustErrorComparison1D.png Graphic file (type png)

<use figs/robustErrorComparison1D.png>
Package pdftex.def Info: figs/robustErrorComparison1D.png used on input line 40
4.
(pdftex.def)             Requested size: 204.04292pt x 119.24586pt.


LaTeX Warning: `!h' float specifier changed to `!ht'.

[7 <./figs/weightedComparison1D.png (PNG copy)> <./figs/weightedErrorComparison
1D.png (PNG copy)>] [8 <./figs/robustComparison1D.png (PNG copy)> <./figs/robus
tErrorComparison1D.png (PNG copy)>]
<figs/erikksonExact.png, id=70, 561.09625pt x 542.025pt>
File: figs/erikksonExact.png Graphic file (type png)

<use figs/erikksonExact.png>
Package pdftex.def Info: figs/erikksonExact.png used on input line 473.
(pdftex.def)             Requested size: 168.33017pt x 162.60875pt.
Package epstopdf Info: Source file: <figs/rates/eps1e2Rates.eps>
(epstopdf)                    date: 2013-05-13 14:28:15
(epstopdf)                    size: 11390 bytes
(epstopdf)             Output file: <figs/rates/eps1e2Rates-eps-converted-to.pd
f>
(epstopdf)                    date: 2013-05-13 21:41:28
(epstopdf)                    size: 6858 bytes
(epstopdf)             Command: <epstopdf --outfile=figs/rates/eps1e2Rates-eps-
converted-to.pdf figs/rates/eps1e2Rates.eps>
(epstopdf)             \includegraphics on input line 474.
Package epstopdf Info: Output file is already uptodate.

<figs/rates/eps1e2Rates-eps-converted-to.pdf, id=72, 517.935pt x 409.53pt>
File: figs/rates/eps1e2Rates-eps-converted-to.pdf Graphic file (type pdf)

<use figs/rates/eps1e2Rates-eps-converted-to.pdf>
Package pdftex.def Info: figs/rates/eps1e2Rates-eps-converted-to.pdf used on in
put line 474.
(pdftex.def)             Requested size: 212.3547pt x 167.90839pt.
 [9]
Package epstopdf Info: Source file: <figs/rates/eps1e0Rates.eps>
(epstopdf)                    date: 2013-05-13 14:28:15
(epstopdf)                    size: 12201 bytes
(epstopdf)             Output file: <figs/rates/eps1e0Rates-eps-converted-to.pd
f>
(epstopdf)                    date: 2013-05-13 21:41:28
(epstopdf)                    size: 7312 bytes
(epstopdf)             Command: <epstopdf --outfile=figs/rates/eps1e0Rates-eps-
converted-to.pdf figs/rates/eps1e0Rates.eps>
(epstopdf)             \includegraphics on input line 483.
Package epstopdf Info: Output file is already uptodate.

<figs/rates/eps1e0Rates-eps-converted-to.pdf, id=76, 510.90875pt x 405.515pt>
File: figs/rates/eps1e0Rates-eps-converted-to.pdf Graphic file (type pdf)

<use figs/rates/eps1e0Rates-eps-converted-to.pdf>
Package pdftex.def Info: figs/rates/eps1e0Rates-eps-converted-to.pdf used on in
put line 483.
(pdftex.def)             Requested size: 204.35988pt x 162.20311pt.
Package epstopdf Info: Source file: <figs/rates/eps1e4Rates.eps>
(epstopdf)                    date: 2013-05-13 14:28:16
(epstopdf)                    size: 10006 bytes
(epstopdf)             Output file: <figs/rates/eps1e4Rates-eps-converted-to.pd
f>
(epstopdf)                    date: 2013-05-13 21:41:29
(epstopdf)                    size: 6336 bytes
(epstopdf)             Command: <epstopdf --outfile=figs/rates/eps1e4Rates-eps-
converted-to.pdf figs/rates/eps1e4Rates.eps>
(epstopdf)             \includegraphics on input line 484.
Package epstopdf Info: Output file is already uptodate.

<figs/rates/eps1e4Rates-eps-converted-to.pdf, id=77, 510.90875pt x 405.515pt>
File: figs/rates/eps1e4Rates-eps-converted-to.pdf Graphic file (type pdf)

<use figs/rates/eps1e4Rates-eps-converted-to.pdf>
Package pdftex.def Info: figs/rates/eps1e4Rates-eps-converted-to.pdf used on in
put line 484.
(pdftex.def)             Requested size: 204.35988pt x 162.20311pt.

Overfull \hbox (7.47751pt too wide) in paragraph at lines 491--493
 \OT1/cmr/bx/n/10 5. Adap-tive mesh re-fine-ment.[] \OT1/cmr/m/n/10 We ex-per-i
-mented also with an adap-tive re-fine-ment scheme.
 []


Underfull \vbox (badness 10000) has occurred while \output is active []

 [10 <./figs/erikksonExact.png> <./figs/rates/eps1e2Rates-eps-converted-to.pdf>
 <./figs/rates/eps1e0Rates-eps-converted-to.pdf> <./figs/rates/eps1e4Rates-eps-
converted-to.pdf>] <figs/erikkson1e3.png, id=100, 465.74pt x 465.74pt>
File: figs/erikkson1e3.png Graphic file (type png)

<use figs/erikkson1e3.png>
Package pdftex.def Info: figs/erikkson1e3.png used on input line 499.
(pdftex.def)             Requested size: 181.63786pt x 181.63786pt.
Package epstopdf Info: Source file: <figs/rates/eps1e3RatesL2.eps>
(epstopdf)                    date: 2013-05-11 13:29:03
(epstopdf)                    size: 15745 bytes
(epstopdf)             Output file: <figs/rates/eps1e3RatesL2-eps-converted-to.
pdf>
(epstopdf)                    date: 2013-05-11 13:30:45
(epstopdf)                    size: 9306 bytes
(epstopdf)             Command: <epstopdf --outfile=figs/rates/eps1e3RatesL2-ep
s-converted-to.pdf figs/rates/eps1e3RatesL2.eps>
(epstopdf)             \includegraphics on input line 500.
Package epstopdf Info: Output file is already uptodate.

<figs/rates/eps1e3RatesL2-eps-converted-to.pdf, id=101, 506.89375pt x 409.53pt>
File: figs/rates/eps1e3RatesL2-eps-converted-to.pdf Graphic file (type pdf)
<use figs/rates/eps1e3RatesL2-eps-converted-to.pdf>
Package pdftex.def Info: figs/rates/eps1e3RatesL2-eps-converted-to.pdf used on 
input line 500.
(pdftex.def)             Requested size: 225.57088pt x 182.2434pt.

<figs/erikkson1e3ErrUnif.png, id=102, 595.22375pt x 465.74pt>
File: figs/erikkson1e3ErrUnif.png Graphic file (type png)

<use figs/erikkson1e3ErrUnif.png>
Package pdftex.def Info: figs/erikkson1e3ErrUnif.png used on input line 509.
(pdftex.def)             Requested size: 205.35242pt x 160.68047pt.

<figs/erikkson1e3Err.png, id=103, 593.21625pt x 465.74pt>
File: figs/erikkson1e3Err.png Graphic file (type png)

<use figs/erikkson1e3Err.png>
Package pdftex.def Info: figs/erikkson1e3Err.png used on input line 510.
(pdftex.def)             Requested size: 204.65982pt x 160.68047pt.


LaTeX Warning: `!h' float specifier changed to `!ht'.

Package epstopdf Info: Source file: <figs/rates/epsRangeComparison.eps>
(epstopdf)                    date: 2013-05-11 13:13:05
(epstopdf)                    size: 14936 bytes
(epstopdf)             Output file: <figs/rates/epsRangeComparison-eps-converte
d-to.pdf>
(epstopdf)                    date: 2013-05-11 14:30:09
(epstopdf)                    size: 9255 bytes
(epstopdf)             Command: <epstopdf --outfile=figs/rates/epsRangeComparis
on-eps-converted-to.pdf figs/rates/epsRangeComparison.eps>
(epstopdf)             \includegraphics on input line 521.
Package epstopdf Info: Output file is already uptodate.

<figs/rates/epsRangeComparison-eps-converted-to.pdf, id=104, 513.92pt x 409.53p
t>
File: figs/rates/epsRangeComparison-eps-converted-to.pdf Graphic file (type pdf
)
 <use figs/rates/epsRangeComparison-eps-converted-to.pdf>
Package pdftex.def Info: figs/rates/epsRangeComparison-eps-converted-to.pdf use
d on input line 521.
(pdftex.def)             Requested size: 308.35437pt x 245.7199pt.
 [11 <./figs/erikkson1e3.png (PNG copy)> <./figs/rates/eps1e3RatesL2-eps-conver
ted-to.pdf>]
<figs/DiscontinuousForcing.png, id=116, 463.7325pt x 463.7325pt>
File: figs/DiscontinuousForcing.png Graphic file (type png)

<use figs/DiscontinuousForcing.png>
Package pdftex.def Info: figs/DiscontinuousForcing.png used on input line 538.
(pdftex.def)             Requested size: 199.40108pt x 199.40108pt.

<figs/DiscontinuousForcingMesh.png, id=117, 465.74pt x 465.74pt>
File: figs/DiscontinuousForcingMesh.png Graphic file (type png)

<use figs/DiscontinuousForcingMesh.png>
Package pdftex.def Info: figs/DiscontinuousForcingMesh.png used on input line 5
39.
(pdftex.def)             Requested size: 200.2643pt x 200.2643pt.

<figs/DiscontinuousForcingZoom.png, id=118, 494.84875pt x 493.845pt>
File: figs/DiscontinuousForcingZoom.png Graphic file (type png)

<use figs/DiscontinuousForcingZoom.png>
Package pdftex.def Info: figs/DiscontinuousForcingZoom.png used on input line 5
46.
(pdftex.def)             Requested size: 176.65791pt x 176.29958pt.
Package epstopdf Info: Source file: <figs/rates/eps1e3DiscontinuousForcing.eps>

(epstopdf)                    date: 2013-05-11 13:13:01
(epstopdf)                    size: 13136 bytes
(epstopdf)             Output file: <figs/rates/eps1e3DiscontinuousForcing-eps-
converted-to.pdf>
(epstopdf)                    date: 2013-05-11 13:34:08
(epstopdf)                    size: 8084 bytes
(epstopdf)             Command: <epstopdf --outfile=figs/rates/eps1e3Discontinu
ousForcing-eps-converted-to.pdf figs/rates/eps1e3DiscontinuousForcing.eps>
(epstopdf)             \includegraphics on input line 547.
Package epstopdf Info: Output file is already uptodate.

<figs/rates/eps1e3DiscontinuousForcing-eps-converted-to.pdf, id=119, 510.90875p
t x 397.485pt>
File: figs/rates/eps1e3DiscontinuousForcing-eps-converted-to.pdf Graphic file (
type pdf)

<use figs/rates/eps1e3DiscontinuousForcing-eps-converted-to.pdf>
Package pdftex.def Info: figs/rates/eps1e3DiscontinuousForcing-eps-converted-to
.pdf used on input line 547.
(pdftex.def)             Requested size: 229.90681pt x 178.8666pt.
 [12 <./figs/erikkson1e3ErrUnif.png (PNG copy)> <./figs/erikkson1e3Err.png (PNG
 copy)> <./figs/rates/epsRangeComparison-eps-converted-to.pdf>] [13 <./figs/Dis
continuousForcing.png (PNG copy)> <./figs/DiscontinuousForcingMesh.png> <./figs
/DiscontinuousForcingZoom.png> <./figs/rates/eps1e3DiscontinuousForcing-eps-con
verted-to.pdf>] <figs/skewToMesh.png, id=142, 447.6725pt x 447.6725pt>
File: figs/skewToMesh.png Graphic file (type png)

<use figs/skewToMesh.png>
Package pdftex.def Info: figs/skewToMesh.png used on input line 564.
(pdftex.def)             Requested size: 134.30278pt x 134.30278pt.

<figs/skewToMesh3D.png, id=143, 297.11pt x 430.60875pt>
File: figs/skewToMesh3D.png Graphic file (type png)

<use figs/skewToMesh3D.png>
Package pdftex.def Info: figs/skewToMesh3D.png used on input line 565.
(pdftex.def)             Requested size: 92.99625pt x 134.78172pt.

<figs/skewToMeshE.png, id=144, 599.23875pt x 463.7325pt>
File: figs/skewToMeshE.png Graphic file (type png)

<use figs/skewToMeshE.png>
Package pdftex.def Info: figs/skewToMeshE.png used on input line 566.
(pdftex.def)             Requested size: 173.77478pt x 134.47897pt.

<figs/skewToMeshAdapt.png, id=145, 463.7325pt x 463.7325pt>
File: figs/skewToMeshAdapt.png Graphic file (type png)

<use figs/skewToMeshAdapt.png>
Package pdftex.def Info: figs/skewToMeshAdapt.png used on input line 572.
(pdftex.def)             Requested size: 199.40108pt x 199.40108pt.

<figs/skewToMeshAdaptMesh.png, id=146, 465.74pt x 465.74pt>
File: figs/skewToMeshAdaptMesh.png Graphic file (type png)

<use figs/skewToMeshAdaptMesh.png>
Package pdftex.def Info: figs/skewToMeshAdaptMesh.png used on input line 573.
(pdftex.def)             Requested size: 200.2643pt x 200.2643pt.
Package epstopdf Info: Source file: <figs/rates/eps5e7SkewToMesh.eps>
(epstopdf)                    date: 2013-05-11 13:13:04
(epstopdf)                    size: 12741 bytes
(epstopdf)             Output file: <figs/rates/eps5e7SkewToMesh-eps-converted-
to.pdf>
(epstopdf)                    date: 2013-05-11 13:34:08
(epstopdf)                    size: 7898 bytes
(epstopdf)             Command: <epstopdf --outfile=figs/rates/eps5e7SkewToMesh
-eps-converted-to.pdf figs/rates/eps5e7SkewToMesh.eps>
(epstopdf)             \includegraphics on input line 579.
Package epstopdf Info: Output file is already uptodate.

<figs/rates/eps5e7SkewToMesh-eps-converted-to.pdf, id=147, 520.94624pt x 409.53
pt>
File: figs/rates/eps5e7SkewToMesh-eps-converted-to.pdf Graphic file (type pdf)
 <use figs/rates/eps5e7SkewToMesh-eps-converted-to.pdf>
Package pdftex.def Info: figs/rates/eps5e7SkewToMesh-eps-converted-to.pdf used 
on input line 579.
(pdftex.def)             Requested size: 234.42365pt x 184.28679pt.


LaTeX Warning: `!h' float specifier changed to `!ht'.

<figs/skewToMeshP1Unif.png, id=148, 463.7325pt x 463.7325pt>
File: figs/skewToMeshP1Unif.png Graphic file (type png)

<use figs/skewToMeshP1Unif.png>
Package pdftex.def Info: figs/skewToMeshP1Unif.png used on input line 595.
(pdftex.def)             Requested size: 199.40108pt x 199.40108pt.

<figs/skewToMeshP2Unif.png, id=149, 463.7325pt x 463.7325pt>
File: figs/skewToMeshP2Unif.png Graphic file (type png)

<use figs/skewToMeshP2Unif.png>
Package pdftex.def Info: figs/skewToMeshP2Unif.png used on input line 596.
(pdftex.def)             Requested size: 199.40108pt x 199.40108pt.


LaTeX Warning: `!h' float specifier changed to `!ht'.

[14 <./figs/skewToMesh.png (PNG copy)> <./figs/skewToMesh3D.png> <./figs/skewTo
MeshE.png (PNG copy)> <./figs/skewToMeshAdapt.png> <./figs/skewToMeshAdaptMesh.
png (PNG copy)>] <figs/3DSlices5e2.png, id=153, 927.465pt x 542.025pt>
File: figs/3DSlices5e2.png Graphic file (type png)

<use figs/3DSlices5e2.png>
Package pdftex.def Info: figs/3DSlices5e2.png used on input line 608.
(pdftex.def)             Requested size: 408.08586pt x 238.49173pt.


LaTeX Warning: `!h' float specifier changed to `!ht'.

<figs/3DSlice.png, id=154, 510.90875pt x 510.90875pt>
File: figs/3DSlice.png Graphic file (type png)
 <use figs/3DSlice.png>
Package pdftex.def Info: figs/3DSlice.png used on input line 618.
(pdftex.def)             Requested size: 204.35988pt x 204.35988pt.

<figs/3DMeshSlice.png, id=155, 510.90875pt x 510.90875pt>
File: figs/3DMeshSlice.png Graphic file (type png)

<use figs/3DMeshSlice.png>
Package pdftex.def Info: figs/3DMeshSlice.png used on input line 619.
(pdftex.def)             Requested size: 204.35988pt x 204.35988pt.


LaTeX Warning: `!h' float specifier changed to `!ht'.

[15 <./figs/rates/eps5e7SkewToMesh-eps-converted-to.pdf> <./figs/skewToMeshP1Un
if.png (PNG copy)> <./figs/skewToMeshP2Unif.png (PNG copy)>] [16 <./figs/3DSlic
es5e2.png (PNG copy)> <./figs/3DSlice.png> <./figs/3DMeshSlice.png>] [17]
(./H1DPG.bbl [18]) [19] (./H1DPG.aux) ) 
Here is how much of TeX's memory you used:
 15219 strings out of 493633
 267291 string characters out of 3143378
 334916 words of memory out of 3000000
 18121 multiletter control sequences out of 15000+200000
 14974 words of font info for 58 fonts, out of 3000000 for 9000
 831 hyphenation exceptions out of 8191
 63i,10n,57p,1129b,321s stack positions out of 5000i,500n,10000p,200000b,50000s
</usr/local/texlive/2011/texmf-dist/font
s/type1/public/amsfonts/cm/cmbx10.pfb></usr/local/texlive/2011/texmf-dist/fonts
/type1/public/amsfonts/cm/cmbx8.pfb></usr/local/texlive/2011/texmf-dist/fonts/t
ype1/public/amsfonts/cm/cmcsc10.pfb></usr/local/texlive/2011/texmf-dist/fonts/t
ype1/public/amsfonts/cm/cmex10.pfb></usr/local/texlive/2011/texmf-dist/fonts/ty
pe1/public/amsfonts/cmextra/cmex8.pfb></usr/local/texlive/2011/texmf-dist/fonts
/type1/public/amsfonts/cm/cmmi10.pfb></usr/local/texlive/2011/texmf-dist/fonts/
type1/public/amsfonts/cm/cmmi5.pfb></usr/local/texlive/2011/texmf-dist/fonts/ty
pe1/public/amsfonts/cm/cmmi6.pfb></usr/local/texlive/2011/texmf-dist/fonts/type
1/public/amsfonts/cm/cmmi7.pfb></usr/local/texlive/2011/texmf-dist/fonts/type1/
public/amsfonts/cm/cmmi8.pfb></usr/local/texlive/2011/texmf-dist/fonts/type1/pu
blic/amsfonts/cm/cmmib10.pfb></usr/local/texlive/2011/texmf-dist/fonts/type1/pu
blic/amsfonts/cmextra/cmmib8.pfb></usr/local/texlive/2011/texmf-dist/fonts/type
1/public/amsfonts/cm/cmr10.pfb></usr/local/texlive/2011/texmf-dist/fonts/type1/
public/amsfonts/cm/cmr5.pfb></usr/local/texlive/2011/texmf-dist/fonts/type1/pub
lic/amsfonts/cm/cmr6.pfb></usr/local/texlive/2011/texmf-dist/fonts/type1/public
/amsfonts/cm/cmr7.pfb></usr/local/texlive/2011/texmf-dist/fonts/type1/public/am
sfonts/cm/cmr8.pfb></usr/local/texlive/2011/texmf-dist/fonts/type1/public/amsfo
nts/cm/cmsy10.pfb></usr/local/texlive/2011/texmf-dist/fonts/type1/public/amsfon
ts/cm/cmsy5.pfb></usr/local/texlive/2011/texmf-dist/fonts/type1/public/amsfonts
/cm/cmsy6.pfb></usr/local/texlive/2011/texmf-dist/fonts/type1/public/amsfonts/c
m/cmsy7.pfb></usr/local/texlive/2011/texmf-dist/fonts/type1/public/amsfonts/cm/
cmsy8.pfb></usr/local/texlive/2011/texmf-dist/fonts/type1/public/amsfonts/cm/cm
ti10.pfb></usr/local/texlive/2011/texmf-dist/fonts/type1/public/amsfonts/cm/cmt
i8.pfb></usr/local/texlive/2011/texmf-dist/fonts/type1/public/amsfonts/symbols/
msbm10.pfb>
Output written on H1DPG.pdf (19 pages, 1179715 bytes).
PDF statistics:
 260 PDF objects out of 1000 (max. 8388607)
 164 compressed objects within 2 object streams
 0 named destinations out of 1000 (max. 500000)
 158 words of extra memory for PDF output out of 10000 (max. 10000000)

